Java HotSpot(TM) 64-Bit Server VM warning: ignoring option MaxPermSize=512M; support was removed in 8.0
Java HotSpot(TM) 64-Bit Server VM warning: ignoring option MaxPermSize=512M; support was removed in 8.0

Logging initialized using configuration in jar:file:/opt/cloudera/parcels/CDH-5.16.2-1.cdh5.16.2.p0.8/jars/hive-common-1.1.0-cdh5.16.2.jar!/hive-log4j.properties
OK
Time taken: 2.572 seconds
OK
STAGE DEPENDENCIES:
  Stage-1 is a root stage
  Stage-0 depends on stages: Stage-1

STAGE PLANS:
  Stage: Stage-1
    Map Reduce
      Map Operator Tree:
          TableScan
            alias: web_logs
            Statistics: Num rows: 3146550804 Data size: 314655080448 Basic stats: COMPLETE Column stats: NONE
            Lateral View Forward
              Statistics: Num rows: 3146550804 Data size: 314655080448 Basic stats: COMPLETE Column stats: NONE
              Select Operator
                Statistics: Num rows: 3146550804 Data size: 314655080448 Basic stats: COMPLETE Column stats: NONE
                Lateral View Join Operator
                  outputColumnNames: _col4
                  Statistics: Num rows: 4719826206 Data size: 471982620672 Basic stats: COMPLETE Column stats: NONE
                  Select Operator
                    expressions: _col4 (type: string)
                    outputColumnNames: _col0
                    Statistics: Num rows: 4719826206 Data size: 471982620672 Basic stats: COMPLETE Column stats: NONE
                    File Output Operator
                      compressed: false
                      Statistics: Num rows: 4719826206 Data size: 471982620672 Basic stats: COMPLETE Column stats: NONE
                      table:
                          input format: org.apache.hadoop.mapred.TextInputFormat
                          output format: org.apache.hadoop.hive.ql.io.HiveIgnoreKeyTextOutputFormat
                          serde: org.apache.hadoop.hive.serde2.lazy.LazySimpleSerDe
              Select Operator
                expressions: line (type: string), 'wl_webpage_name' (type: string)
                outputColumnNames: _col0, _col1
                Statistics: Num rows: 3146550804 Data size: 314655080448 Basic stats: COMPLETE Column stats: NONE
                UDTF Operator
                  Statistics: Num rows: 3146550804 Data size: 314655080448 Basic stats: COMPLETE Column stats: NONE
                  function name: json_tuple
                  Filter Operator
                    predicate: c0 is not null (type: boolean)
                    Statistics: Num rows: 1573275402 Data size: 157327540224 Basic stats: COMPLETE Column stats: NONE
                    Lateral View Join Operator
                      outputColumnNames: _col4
                      Statistics: Num rows: 4719826206 Data size: 471982620672 Basic stats: COMPLETE Column stats: NONE
                      Select Operator
                        expressions: _col4 (type: string)
                        outputColumnNames: _col0
                        Statistics: Num rows: 4719826206 Data size: 471982620672 Basic stats: COMPLETE Column stats: NONE
                        File Output Operator
                          compressed: false
                          Statistics: Num rows: 4719826206 Data size: 471982620672 Basic stats: COMPLETE Column stats: NONE
                          table:
                              input format: org.apache.hadoop.mapred.TextInputFormat
                              output format: org.apache.hadoop.hive.ql.io.HiveIgnoreKeyTextOutputFormat
                              serde: org.apache.hadoop.hive.serde2.lazy.LazySimpleSerDe

  Stage: Stage-0
    Fetch Operator
      limit: -1
      Processor Tree:
        ListSink

Time taken: 0.798 seconds, Fetched: 60 row(s)
WARN: The method class org.apache.commons.logging.impl.SLF4JLogFactory#release() was invoked.
WARN: Please see http://www.slf4j.org/codes.html#release for an explanation.
